<?xml version="1.0" encoding="UTF-8"?>
<testsuite name="ApplicationTests" tests="1" skipped="0" failures="0" errors="0" timestamp="2026-04-04T17:50:13.471Z" hostname="MOHAIBRA" time="3.811">
  <properties/>
  <testcase name="start" classname="ApplicationTests" time="3.811"/>
  <system-out><![CDATA[?[1;31m
Start test 1?[0m
?[0;34m
?[0m?[0;34m  .   ____          _            __ _ _
?[0m?[0;34m /\\ / ___'_ __ _ _(_)_ __  __ _ \ \ \ \
?[0m?[0;34m( ( )\___ | '_ | '_| | '_ \/ _` | \ \ \ \
?[0m?[0;34m \\/  ___)| |_)| | | | | || (_| |  ) ) ) )
?[0m?[0;34m  '  |____| .__|_| |_|_| |_\__, | / / / /
?[0m?[0;34m =========|_|==============|___/=/_/_/_/
?[0m?[0;34m :: Spring Boot ::                (v3.2.0)
?[0m?[0;34m
?[0m?[0;34m2026-04-04T19:50:14.180+02:00  INFO 1444 --- [    Test worker] aggregator.Application                   : Starting Application using Java 21.0.10 with PID 1444 (started by 32492 in C:\Users\32492\IdeaProjects\Transaction Aggregator\Transaction Aggregator\task)
?[0m?[0;34m2026-04-04T19:50:14.184+02:00  INFO 1444 --- [    Test worker] aggregator.Application                   : No active profile set, falling back to 1 default profile: "default"
?[0m?[0;34m2026-04-04T19:50:15.743+02:00  INFO 1444 --- [    Test worker] o.s.b.w.embedded.tomcat.TomcatWebServer  : Tomcat initialized with port 8080 (http)
?[0m?[0;34m2026-04-04T19:50:15.757+02:00  INFO 1444 --- [    Test worker] o.apache.catalina.core.StandardService   : Starting service [Tomcat]
?[0m?[0;34m2026-04-04T19:50:15.758+02:00  INFO 1444 --- [    Test worker] o.apache.catalina.core.StandardEngine    : Starting Servlet engine: [Apache Tomcat/10.1.16]
?[0m?[0;34m2026-04-04T19:50:15.834+02:00  INFO 1444 --- [    Test worker] o.a.c.c.C.[Tomcat].[localhost].[/]       : Initializing Spring embedded WebApplicationContext
?[0m?[0;34m2026-04-04T19:50:15.836+02:00  INFO 1444 --- [    Test worker] w.s.c.ServletWebServerApplicationContext : Root WebApplicationContext: initialization completed in 1595 ms
?[0m?[0;34m2026-04-04T19:50:16.620+02:00  INFO 1444 --- [    Test worker] o.s.b.a.e.web.EndpointLinksResolver      : Exposing 1 endpoint(s) beneath base path '/actuator'
?[0m?[0;34m2026-04-04T19:50:16.691+02:00  INFO 1444 --- [    Test worker] o.s.b.w.embedded.tomcat.TomcatWebServer  : Tomcat started on port 8080 (http) with context path ''
?[0m?[0;34m2026-04-04T19:50:16.704+02:00  INFO 1444 --- [    Test worker] aggregator.Application                   : Started Application in 2.943 seconds (process running for 3.935)
?[0;34m2026-04-04T19:50:17.093+02:00  INFO 1444 --- [nio-8080-exec-1] o.a.c.c.C.[Tomcat].[localhost].[/]       : Initializing Spring DispatcherServlet 'dispatcherServlet'
?[0m?[0;34m2026-04-04T19:50:17.093+02:00  INFO 1444 --- [nio-8080-exec-1] o.s.web.servlet.DispatcherServlet        : Initializing Servlet 'dispatcherServlet'
?[0m?[0;34m2026-04-04T19:50:17.095+02:00  INFO 1444 --- [nio-8080-exec-1] o.s.web.servlet.DispatcherServlet        : Completed initialization in 2 ms
?[0m?[0;34m
?[0m?[0;34mRequest: GET http://localhost:8080/aggregate
?[0m]]></system-out>
  <system-err><![CDATA[]]></system-err>
</testsuite>
